<?xml version="1.0" encoding="UTF-8"?>
<!-- Generated by org.testng.reporters.JUnitReportReporter -->
<testsuite hostname="KamleshPC" failures="0" tests="5" name="testCases.TC_003_LoginDDT" time="40.178" errors="0" timestamp="2025-04-22T00:07:27 IST" skipped="0">
  <testcase classname="testCases.TC_003_LoginDDT" name="verify_loginDDT" time="6.524"/>
  <testcase classname="testCases.TC_003_LoginDDT" name="verify_loginDDT" time="5.925"/>
  <testcase classname="testCases.TC_003_LoginDDT" name="verify_loginDDT" time="5.920"/>
  <testcase classname="testCases.TC_003_LoginDDT" name="verify_loginDDT" time="6.142"/>
  <testcase classname="testCases.TC_003_LoginDDT" name="verify_loginDDT" time="15.667"/>
</testsuite> <!-- testCases.TC_003_LoginDDT -->
