<?xml version="1.0" encoding="UTF-8"?>
<!-- Generated by org.testng.reporters.JUnitReportReporter -->
<testsuite hostname="KamleshPC" failures="0" tests="5" name="testCases.TC003_LoginDDT" time="39.500" errors="0" timestamp="2025-04-26T21:01:08 IST" skipped="0">
  <testcase classname="testCases.TC003_LoginDDT" name="verify_loginDDT" time="5.802"/>
  <testcase classname="testCases.TC003_LoginDDT" name="verify_loginDDT" time="15.278"/>
  <testcase classname="testCases.TC003_LoginDDT" name="verify_loginDDT" time="6.270"/>
  <testcase classname="testCases.TC003_LoginDDT" name="verify_loginDDT" time="6.135"/>
  <testcase classname="testCases.TC003_LoginDDT" name="verify_loginDDT" time="6.015"/>
</testsuite> <!-- testCases.TC003_LoginDDT -->
