<?xml version="1.0" encoding="UTF-8"?>
<!-- Generated by org.testng.reporters.JUnitReportReporter -->
<testsuite hostname="KamleshPC" failures="0" tests="1" name="testCases.TC002_LoginTest" time="3.329" errors="0" timestamp="2025-04-27T14:41:18 IST" skipped="0">
  <testcase classname="testCases.TC002_LoginTest" name="verify_login" time="3.329"/>
</testsuite> <!-- testCases.TC002_LoginTest -->
