<?xml version="1.0" encoding="UTF-8"?>
<!-- Generated by org.testng.reporters.JUnitReportReporter -->
<testsuite hostname="KamleshPC" failures="0" tests="5" name="testCases.TC003_LoginDDT" time="42.643" errors="0" timestamp="2025-04-27T14:41:18 IST" skipped="0">
  <testcase classname="testCases.TC003_LoginDDT" name="verify_loginDDT" time="15.902"/>
  <testcase classname="testCases.TC003_LoginDDT" name="verify_loginDDT" time="6.597"/>
  <testcase classname="testCases.TC003_LoginDDT" name="verify_loginDDT" time="6.721"/>
  <testcase classname="testCases.TC003_LoginDDT" name="verify_loginDDT" time="6.657"/>
  <testcase classname="testCases.TC003_LoginDDT" name="verify_loginDDT" time="6.766"/>
</testsuite> <!-- testCases.TC003_LoginDDT -->
