<?xml version="1.0" encoding="UTF-8"?>
<!-- Generated by org.testng.reporters.JUnitReportReporter -->
<testsuite hostname="KamleshPC" failures="0" tests="1" name="testCases.TC001_AccountRegistrationTest" time="4.476" errors="0" timestamp="2025-04-27T14:41:18 IST" skipped="0">
  <testcase classname="testCases.TC001_AccountRegistrationTest" name="verify_account_registration" time="4.476"/>
</testsuite> <!-- testCases.TC001_AccountRegistrationTest -->
